<?xml version="1.0" encoding="UTF-8"?>
<testsuite xmlns:xsi="http://www.w3.org/2001/XMLSchema-instance" xsi:noNamespaceSchemaLocation="https://maven.apache.org/surefire/maven-surefire-plugin/xsd/surefire-test-report-3.0.xsd" version="3.0" name="ca.jrvs.apps.stockquote.dao.QuoteDaoTest" time="0.135" tests="5" errors="0" skipped="0" failures="0">
  <properties>
[...]
</properties>
  <testcase name="testRetrieveAndSave" classname="ca.jrvs.apps.stockquote.dao.QuoteDaoTest" time="0.014"/>
  <testcase name="testFindAll" classname="ca.jrvs.apps.stockquote.dao.QuoteDaoTest" time="0.013"/>
  <testcase name="testDeleteAll" classname="ca.jrvs.apps.stockquote.dao.QuoteDaoTest" time="0.012"/>
  <testcase name="testDeleteById" classname="ca.jrvs.apps.stockquote.dao.QuoteDaoTest" time="0.082"/>
  <testcase name="testRetrieveAll" classname="ca.jrvs.apps.stockquote.dao.QuoteDaoTest" time="0.012"/>
</testsuite>